2025-10-24 13:58:58,086 - INFO - 診療カレンダー自動更新を開始します
2025-10-24 13:58:58,451 - INFO - カレンダー発見: 2025年10月　担当医表
2025-10-24 13:58:58,451 - INFO - カレンダー発見: 2025年11月　担当医表
2025-10-24 13:58:58,451 - INFO - 解析中: 2025年10月　担当医表
2025-10-24 13:58:58,453 - INFO - 解析中: 2025年11月　担当医表
2025-10-24 13:58:58,455 - INFO - Notionページを更新中...
2025-10-24 13:58:59,817 - ERROR - ページ更新エラー: 400
2025-10-24 13:58:59,818 - ERROR - レスポンス: {"object":"error","status":400,"code":"validation_error","message":"body failed validation: body.children.length should be ≤ `100`, instead was `249`.","request_id":"a6f0fd7e-ce74-4d02-a26f-7d4c3f09aef8"}
2025-10-24 13:58:59,818 - ERROR - Notionページの更新に失敗しました
2025-10-24 13:59:14,563 - INFO - 診療カレンダー自動更新を開始します
2025-10-24 13:59:14,783 - INFO - カレンダー発見: 2025年10月　担当医表
2025-10-24 13:59:14,783 - INFO - カレンダー発見: 2025年11月　担当医表
2025-10-24 13:59:14,783 - INFO - 解析中: 2025年10月　担当医表
2025-10-24 13:59:14,784 - INFO - 解析中: 2025年11月　担当医表
2025-10-24 13:59:14,786 - INFO - Notionページを更新中...
2025-10-24 13:59:18,123 - INFO - バッチ 1: 95ブロックを追加しました
2025-10-24 13:59:19,570 - INFO - バッチ 2: 95ブロックを追加しました
2025-10-24 13:59:21,295 - INFO - バッチ 3: 59ブロックを追加しました
2025-10-24 13:59:21,296 - INFO - 合計 249 ブロックを正常に追加しました
2025-10-24 13:59:21,297 - INFO - 診療カレンダーの自動更新が完了しました
2025-10-24 14:53:57,599 - INFO - 診療カレンダー自動更新を開始します
2025-10-24 14:53:57,910 - INFO - カレンダー発見: 2025年10月　担当医表
2025-10-24 14:53:57,910 - INFO - カレンダー発見: 2025年11月　担当医表
2025-10-24 14:53:57,910 - INFO - 解析中: 2025年10月　担当医表
2025-10-24 14:53:57,912 - INFO - 解析中: 2025年11月　担当医表
2025-10-24 14:53:57,914 - INFO - Notionページを更新中...
2025-10-24 14:53:59,190 - INFO - ブロック 2966ac0a-6dd9-8120-9da8-c23a86538f52 をアーカイブしました
2025-10-24 14:53:59,601 - INFO - ブロック 2966ac0a-6dd9-8192-aebf-ddb4f95c5b66 をアーカイブしました
2025-10-24 14:54:00,523 - INFO - ブロック 2966ac0a-6dd9-8126-b1d0-d6fd046b167f をアーカイブしました
2025-10-24 14:54:01,538 - INFO - ブロック 2966ac0a-6dd9-817e-bf65-d7d7e9814f56 をアーカイブしました
2025-10-24 14:54:02,221 - INFO - ブロック 2966ac0a-6dd9-815c-891b-f639fb6e20e8 をアーカイブしました
2025-10-24 14:54:02,752 - INFO - ブロック 2966ac0a-6dd9-81b2-84e2-fb32a7d3856e をアーカイブしました
2025-10-24 14:54:03,204 - INFO - ブロック 2966ac0a-6dd9-81d3-b7ba-fa986e504743 をアーカイブしました
2025-10-24 14:54:03,908 - INFO - ブロック 2966ac0a-6dd9-81c2-a04c-df0ddf4bb77d をアーカイブしました
2025-10-24 14:54:04,339 - INFO - ブロック 2966ac0a-6dd9-8114-8062-f74d58238af2 をアーカイブしました
2025-10-24 14:54:04,695 - INFO - ブロック 2966ac0a-6dd9-8157-85d9-ecb385a312b6 をアーカイブしました
2025-10-24 14:54:05,317 - INFO - ブロック 2966ac0a-6dd9-8147-bdb0-ea34f88c6ca4 をアーカイブしました
2025-10-24 14:54:05,716 - INFO - ブロック 2966ac0a-6dd9-8197-aa5f-dac1a1b0870a をアーカイブしました
2025-10-24 14:54:06,355 - INFO - ブロック 2966ac0a-6dd9-81e6-87f0-d3e87dd482c9 をアーカイブしました
2025-10-24 14:54:07,185 - INFO - ブロック 2966ac0a-6dd9-817d-bae9-c6a9daf4ae31 をアーカイブしました
2025-10-24 14:54:07,542 - INFO - ブロック 2966ac0a-6dd9-81ca-80b7-d0f81bf0ceba をアーカイブしました
2025-10-24 14:54:07,991 - INFO - ブロック 2966ac0a-6dd9-812f-a184-dfd9bd4cb143 をアーカイブしました
2025-10-24 14:54:08,603 - INFO - ブロック 2966ac0a-6dd9-817a-8086-cfda01eb086d をアーカイブしました
2025-10-24 14:54:09,040 - INFO - ブロック 2966ac0a-6dd9-81e2-8d77-f5bc55a8a98e をアーカイブしました
2025-10-24 14:54:09,513 - INFO - ブロック 2966ac0a-6dd9-81bd-921a-c3e200c78ce3 をアーカイブしました
2025-10-24 14:54:09,934 - INFO - ブロック 2966ac0a-6dd9-81ad-b164-e5d69a1864b8 をアーカイブしました
2025-10-24 14:54:10,292 - INFO - ブロック 2966ac0a-6dd9-8168-8810-c20a09eb1158 をアーカイブしました
2025-10-24 14:54:11,306 - INFO - ブロック 2966ac0a-6dd9-817e-9dcd-f3cda028cee5 をアーカイブしました
2025-10-24 14:54:12,235 - INFO - ブロック 2966ac0a-6dd9-81e7-ae46-d42879db7dd5 をアーカイブしました
2025-10-24 14:54:12,640 - INFO - ブロック 2966ac0a-6dd9-8162-9d1b-f2ac0ff79900 をアーカイブしました
2025-10-24 14:54:13,035 - INFO - ブロック 2966ac0a-6dd9-814b-9de6-f89e0ab80bab をアーカイブしました
2025-10-24 14:54:14,129 - INFO - ブロック 2966ac0a-6dd9-8114-85ef-ecfd7e6295a4 をアーカイブしました
2025-10-24 14:54:14,674 - INFO - ブロック 2966ac0a-6dd9-8130-94b5-c0e34f561ed4 をアーカイブしました
2025-10-24 14:54:15,043 - INFO - ブロック 2966ac0a-6dd9-8104-aab2-dbebfb715d65 をアーカイブしました
2025-10-24 14:54:15,883 - INFO - ブロック 2966ac0a-6dd9-8129-982a-c6bd74014d39 をアーカイブしました
2025-10-24 14:54:16,240 - INFO - ブロック 2966ac0a-6dd9-8197-8e92-f58ce98c3653 をアーカイブしました
2025-10-24 14:54:16,755 - INFO - ブロック 2966ac0a-6dd9-8124-b083-f5922c52b3cb をアーカイブしました
2025-10-24 14:54:17,170 - INFO - ブロック 2966ac0a-6dd9-8183-a161-e3734f165680 をアーカイブしました
2025-10-24 14:54:17,533 - INFO - ブロック 2966ac0a-6dd9-81bf-8775-feae305f21c3 をアーカイブしました
2025-10-24 14:54:18,481 - INFO - ブロック 2966ac0a-6dd9-8124-92a5-da2ec7c4f184 をアーカイブしました
2025-10-24 14:54:18,908 - INFO - ブロック 2966ac0a-6dd9-81f6-bf0a-c23118f1aa5d をアーカイブしました
2025-10-24 14:54:19,293 - INFO - ブロック 2966ac0a-6dd9-8195-8812-fa7c2f5b5a19 をアーカイブしました
2025-10-24 14:54:19,674 - INFO - ブロック 2966ac0a-6dd9-81c6-ae53-f7b280c9ddfd をアーカイブしました
2025-10-24 14:54:20,075 - INFO - ブロック 2966ac0a-6dd9-8155-bb37-c7cb1b3a8733 をアーカイブしました
2025-10-24 14:54:20,721 - INFO - ブロック 2966ac0a-6dd9-81e5-a132-d4af983a1c97 をアーカイブしました
2025-10-24 14:54:21,137 - INFO - ブロック 2966ac0a-6dd9-8194-b553-d532925ae9e5 をアーカイブしました
2025-10-24 14:54:21,626 - INFO - ブロック 2966ac0a-6dd9-81dc-8419-e3e20c4dd279 をアーカイブしました
2025-10-24 14:54:22,164 - INFO - ブロック 2966ac0a-6dd9-8100-b4e0-d30d3d03856d をアーカイブしました
2025-10-24 14:54:22,479 - INFO - ブロック 2966ac0a-6dd9-8110-b9cc-e5de136ceae5 をアーカイブしました
2025-10-24 14:54:23,009 - INFO - ブロック 2966ac0a-6dd9-81bf-bdb1-c0fdbe0202e8 をアーカイブしました
2025-10-24 14:54:23,524 - INFO - ブロック 2966ac0a-6dd9-8132-acc2-c1e60bcb4337 をアーカイブしました
2025-10-24 14:54:23,928 - INFO - ブロック 2966ac0a-6dd9-8164-8bac-d55930184242 をアーカイブしました
2025-10-24 14:54:24,373 - INFO - ブロック 2966ac0a-6dd9-8112-b06e-d9a465b0276a をアーカイブしました
2025-10-24 14:54:24,830 - INFO - ブロック 2966ac0a-6dd9-81e2-ab00-e62100be5b3b をアーカイブしました
2025-10-24 14:54:25,634 - INFO - ブロック 2966ac0a-6dd9-8143-9934-ec830e9100de をアーカイブしました
2025-10-24 14:54:26,146 - INFO - ブロック 2966ac0a-6dd9-812a-842a-dd44b9896fcf をアーカイブしました
2025-10-24 14:54:26,515 - INFO - ブロック 2966ac0a-6dd9-818d-ae76-cd7d01cca2b6 をアーカイブしました
2025-10-24 14:54:26,869 - INFO - ブロック 2966ac0a-6dd9-8104-9639-cc3f6c286601 をアーカイブしました
2025-10-24 14:54:27,966 - INFO - ブロック 2966ac0a-6dd9-81cd-be1b-c0b858301ad4 をアーカイブしました
2025-10-24 14:54:28,445 - INFO - ブロック 2966ac0a-6dd9-8109-b6fd-e8baafa90bc0 をアーカイブしました
2025-10-24 14:54:28,843 - INFO - ブロック 2966ac0a-6dd9-81d2-91d0-d9dbb6f8d040 をアーカイブしました
2025-10-24 14:54:29,521 - INFO - ブロック 2966ac0a-6dd9-810b-8fbc-dd9740bb2580 をアーカイブしました
2025-10-24 14:54:30,015 - INFO - ブロック 2966ac0a-6dd9-816a-9b26-df34ebc4891d をアーカイブしました
2025-10-24 14:54:30,497 - INFO - ブロック 2966ac0a-6dd9-812a-85a9-e575efe07a03 をアーカイブしました
2025-10-24 14:54:30,882 - INFO - ブロック 2966ac0a-6dd9-81cd-bfc9-d141a6d9a568 をアーカイブしました
2025-10-24 14:54:31,678 - INFO - ブロック 2966ac0a-6dd9-81ea-a9ef-ca149a49aaa8 をアーカイブしました
2025-10-24 14:54:32,112 - INFO - ブロック 2966ac0a-6dd9-8157-83b9-faf9474ff064 をアーカイブしました
2025-10-24 14:54:32,433 - INFO - ブロック 2966ac0a-6dd9-819c-b2f9-e8fa03862ed6 をアーカイブしました
2025-10-24 14:54:32,989 - INFO - ブロック 2966ac0a-6dd9-810a-b7dc-c7c1e2d46ccd をアーカイブしました
2025-10-24 14:54:33,541 - INFO - ブロック 2966ac0a-6dd9-817c-9668-d86defbd2d17 をアーカイブしました
2025-10-24 14:54:33,997 - INFO - ブロック 2966ac0a-6dd9-8164-ad0e-f5dc5d42df0f をアーカイブしました
2025-10-24 14:54:34,340 - INFO - ブロック 2966ac0a-6dd9-8108-8e1b-dde57e91a3d1 をアーカイブしました
2025-10-24 14:54:34,810 - INFO - ブロック 2966ac0a-6dd9-8102-a00d-f78dbea5f8aa をアーカイブしました
2025-10-24 14:54:35,282 - INFO - ブロック 2966ac0a-6dd9-81b1-a32a-e7546e077043 をアーカイブしました
2025-10-24 14:54:35,700 - INFO - ブロック 2966ac0a-6dd9-8106-8330-fb441f3adc4f をアーカイブしました
2025-10-24 14:54:36,070 - INFO - ブロック 2966ac0a-6dd9-8123-a643-f9522a497719 をアーカイブしました
2025-10-24 14:54:36,518 - INFO - ブロック 2966ac0a-6dd9-81f5-93b0-c2831b8b5c3e をアーカイブしました
2025-10-24 14:54:36,985 - INFO - ブロック 2966ac0a-6dd9-81a5-a2ea-cbbd3ea2b67b をアーカイブしました
2025-10-24 14:54:37,480 - INFO - ブロック 2966ac0a-6dd9-81d0-8c94-c98979d1dd96 をアーカイブしました
2025-10-24 14:54:37,894 - INFO - ブロック 2966ac0a-6dd9-814f-8487-d0850e5b2b8d をアーカイブしました
2025-10-24 14:54:38,449 - INFO - ブロック 2966ac0a-6dd9-8104-ad30-c12b1c7e69f9 をアーカイブしました
2025-10-24 14:54:38,858 - INFO - ブロック 2966ac0a-6dd9-81b2-9f12-c0cfb0bb0081 をアーカイブしました
2025-10-24 14:54:39,225 - INFO - ブロック 2966ac0a-6dd9-814a-aa68-c4d981b66ca6 をアーカイブしました
2025-10-24 14:54:39,641 - INFO - ブロック 2966ac0a-6dd9-81f7-9c90-c4cffcbd01f6 をアーカイブしました
2025-10-24 14:54:40,212 - INFO - ブロック 2966ac0a-6dd9-819f-8371-d877194ac501 をアーカイブしました
2025-10-24 14:54:40,656 - INFO - ブロック 2966ac0a-6dd9-81f9-b834-cd032e882cab をアーカイブしました
2025-10-24 14:54:41,040 - INFO - ブロック 2966ac0a-6dd9-81ee-9e87-ecfa221eaafa をアーカイブしました
2025-10-24 14:54:41,441 - INFO - ブロック 2966ac0a-6dd9-8140-bcd9-f5b4e4067c1e をアーカイブしました
2025-10-24 14:54:41,933 - INFO - ブロック 2966ac0a-6dd9-8180-b60f-d5d4b3c5dda6 をアーカイブしました
2025-10-24 14:54:42,596 - INFO - ブロック 2966ac0a-6dd9-812b-842b-f630eabebfa8 をアーカイブしました
2025-10-24 14:54:42,960 - INFO - ブロック 2966ac0a-6dd9-8139-9a81-ffaa825058f0 をアーカイブしました
2025-10-24 14:54:43,360 - INFO - ブロック 2966ac0a-6dd9-81a5-93d3-ce48c13dc453 をアーカイブしました
2025-10-24 14:54:43,746 - INFO - ブロック 2966ac0a-6dd9-811a-b1a3-cf22e659b7f8 をアーカイブしました
2025-10-24 14:54:44,143 - INFO - ブロック 2966ac0a-6dd9-81b2-b4a1-fd3a9df89fd8 をアーカイブしました
2025-10-24 14:54:45,286 - INFO - ブロック 2966ac0a-6dd9-81a9-ab26-dc700a19f732 をアーカイブしました
2025-10-24 14:54:45,739 - INFO - ブロック 2966ac0a-6dd9-8194-9899-c0e4f431151e をアーカイブしました
2025-10-24 14:54:46,109 - INFO - ブロック 2966ac0a-6dd9-81a8-859a-ff1cfcbb7894 をアーカイブしました
2025-10-24 14:54:46,464 - INFO - ブロック 2966ac0a-6dd9-813f-a298-de29aad16cb9 をアーカイブしました
2025-10-24 14:54:46,890 - INFO - ブロック 2966ac0a-6dd9-81d7-9d4b-d236de5db822 をアーカイブしました
2025-10-24 14:54:47,508 - INFO - ブロック 2966ac0a-6dd9-811e-9c9e-f74420b2d3cb をアーカイブしました
2025-10-24 14:54:47,850 - INFO - ブロック 2966ac0a-6dd9-81eb-868e-c90d292a9366 をアーカイブしました
2025-10-24 14:54:48,283 - INFO - ブロック 2966ac0a-6dd9-8115-b119-f5b9377de80d をアーカイブしました
2025-10-24 14:54:49,046 - INFO - ブロック 2966ac0a-6dd9-814f-928c-f6ddea0a9252 をアーカイブしました
2025-10-24 14:54:49,551 - INFO - ブロック 2966ac0a-6dd9-810c-b686-f5659780949d をアーカイブしました
2025-10-24 14:54:50,006 - INFO - ブロック 2966ac0a-6dd9-81d4-9791-d4d06f7027e2 をアーカイブしました
2025-10-24 14:54:50,443 - INFO - ブロック 2966ac0a-6dd9-818c-880f-ed4a72ed9cc5 をアーカイブしました
2025-10-24 14:54:52,619 - INFO - バッチ 1: 95ブロックを追加しました
2025-10-24 14:54:53,880 - INFO - バッチ 2: 95ブロックを追加しました
2025-10-24 14:54:55,026 - INFO - バッチ 3: 59ブロックを追加しました
2025-10-24 14:54:55,027 - INFO - 合計 249 ブロックを正常に追加しました
2025-10-24 14:54:55,027 - INFO - 診療カレンダーの自動更新が完了しました
2025-10-24 15:51:34,961 - INFO - 診療カレンダー自動更新を開始します
2025-10-24 15:51:35,613 - INFO - カレンダー発見: 2025年10月　担当医表
2025-10-24 15:51:35,613 - INFO - カレンダー発見: 2025年11月　担当医表
2025-10-24 15:51:35,613 - INFO - 解析中: 2025年10月　担当医表
2025-10-24 15:51:35,615 - INFO - 解析中: 2025年11月　担当医表
2025-10-24 15:51:35,616 - INFO - Notionページを更新中...
2025-10-24 15:51:35,616 - INFO - 既存のページ内容を完全に削除中...
2025-10-24 15:51:39,796 - INFO - 取得したブロック数: 398
2025-10-24 15:51:39,797 - INFO - 削除対象ブロック数: 398
2025-10-24 15:51:42,541 - INFO - アーカイブ進行: 1/398
2025-10-24 15:51:48,545 - INFO - アーカイブ進行: 11/398
2025-10-24 15:51:59,321 - INFO - アーカイブ進行: 21/398
2025-10-24 15:52:08,544 - INFO - アーカイブ進行: 31/398
2025-10-24 15:52:29,962 - INFO - アーカイブ進行: 41/398
2025-10-24 15:52:35,926 - INFO - アーカイブ進行: 51/398
2025-10-24 15:52:40,591 - INFO - アーカイブ進行: 61/398
2025-10-24 15:52:44,994 - INFO - アーカイブ進行: 71/398
2025-10-24 15:52:53,902 - INFO - アーカイブ進行: 81/398
2025-10-24 15:53:02,246 - INFO - アーカイブ進行: 91/398
2025-10-24 15:53:08,694 - INFO - アーカイブ進行: 101/398
2025-10-24 15:53:13,627 - INFO - アーカイブ進行: 111/398
2025-10-24 15:53:19,718 - INFO - アーカイブ進行: 121/398
2025-10-24 15:53:29,183 - INFO - アーカイブ進行: 131/398
2025-10-24 15:53:44,041 - INFO - アーカイブ進行: 141/398
2025-10-24 15:53:53,506 - INFO - アーカイブ進行: 151/398
2025-10-24 15:54:00,914 - INFO - アーカイブ進行: 161/398
2025-10-24 15:54:11,050 - INFO - アーカイブ進行: 171/398
2025-10-24 15:54:16,600 - INFO - アーカイブ進行: 181/398
2025-10-24 15:54:21,098 - INFO - アーカイブ進行: 191/398
2025-10-24 15:54:26,768 - INFO - アーカイブ進行: 201/398
2025-10-24 15:54:39,242 - INFO - アーカイブ進行: 211/398
2025-10-24 15:54:51,791 - INFO - アーカイブ進行: 221/398
2025-10-24 15:55:02,566 - INFO - アーカイブ進行: 231/398
2025-10-24 15:55:12,194 - INFO - アーカイブ進行: 241/398
2025-10-24 15:55:21,682 - INFO - アーカイブ進行: 251/398
2025-10-24 15:55:34,991 - INFO - アーカイブ進行: 261/398
2025-10-24 15:55:48,037 - INFO - アーカイブ進行: 271/398
2025-10-24 15:56:04,564 - INFO - アーカイブ進行: 281/398
2025-10-24 15:56:15,212 - INFO - アーカイブ進行: 291/398
2025-10-24 15:56:28,242 - INFO - アーカイブ進行: 301/398
2025-10-24 15:56:36,619 - INFO - アーカイブ進行: 311/398
2025-10-24 15:56:52,242 - INFO - アーカイブ進行: 321/398
2025-10-24 15:57:03,548 - INFO - アーカイブ進行: 331/398
2025-10-24 15:57:13,679 - INFO - アーカイブ進行: 341/398
2025-10-24 15:57:20,996 - INFO - アーカイブ進行: 351/398
2025-10-24 15:57:33,295 - INFO - アーカイブ進行: 361/398
2025-10-24 15:57:44,112 - INFO - アーカイブ進行: 371/398
2025-10-24 15:57:52,749 - INFO - アーカイブ進行: 381/398
2025-10-24 15:58:07,139 - INFO - アーカイブ進行: 391/398
2025-10-24 15:58:18,419 - INFO - アーカイブ完了: 398/398 ブロック
2025-10-24 15:58:22,000 - INFO - バッチ 1: 95ブロックを追加しました
2025-10-24 15:58:23,582 - INFO - バッチ 2: 95ブロックを追加しました
2025-10-24 15:58:25,029 - INFO - バッチ 3: 59ブロックを追加しました
2025-10-24 15:58:25,029 - INFO - 合計 249 ブロックを正常に追加しました
2025-10-24 15:58:25,030 - INFO - 診療カレンダーの自動更新が完了しました
2025-10-24 16:02:51,301 - INFO - 診療カレンダー自動更新を開始します
2025-10-24 16:02:51,639 - INFO - カレンダー発見: 2025年10月　担当医表
2025-10-24 16:02:51,639 - INFO - カレンダー発見: 2025年11月　担当医表
2025-10-24 16:02:51,639 - INFO - 解析中: 2025年10月　担当医表
2025-10-24 16:02:51,640 - INFO - 解析中: 2025年11月　担当医表
2025-10-24 16:02:51,642 - INFO - Notionページを更新中...
2025-10-24 16:02:51,642 - INFO - 既存のページ内容を完全に削除中...
2025-10-24 16:03:00,530 - INFO - 取得したブロック数: 249
2025-10-24 16:03:00,533 - INFO - 削除対象ブロック数: 249
2025-10-24 16:03:08,460 - INFO - アーカイブ進行: 38/249
2025-10-24 16:03:16,428 - INFO - アーカイブ進行: 78/249
2025-10-24 16:03:21,799 - INFO - アーカイブ進行: 118/249
2025-10-24 16:03:29,447 - INFO - アーカイブ進行: 158/249
2025-10-24 16:03:34,614 - INFO - アーカイブ進行: 189/249
2025-10-24 16:03:35,119 - INFO - アーカイブ完了: 189/249 ブロック
2025-10-24 16:03:37,693 - INFO - バッチ 1: 95ブロックを追加しました
2025-10-24 16:03:39,241 - INFO - バッチ 2: 95ブロックを追加しました
2025-10-24 16:03:40,221 - INFO - バッチ 3: 59ブロックを追加しました
2025-10-24 16:03:40,222 - INFO - 合計 249 ブロックを正常に追加しました
2025-10-24 16:03:40,224 - INFO - 診療カレンダーの自動更新が完了しました
2025-10-24 16:24:44,740 - INFO - 診療カレンダー自動更新を開始します
2025-10-24 16:24:44,960 - INFO - カレンダー発見: 2025年10月　担当医表
2025-10-24 16:24:44,960 - INFO - カレンダー発見: 2025年11月　担当医表
2025-10-24 16:24:44,960 - INFO - 解析中: 2025年10月　担当医表
2025-10-24 16:24:44,961 - INFO - 解析中: 2025年11月　担当医表
2025-10-24 16:24:44,963 - INFO - Notionページを更新中...
2025-10-24 16:24:44,963 - INFO - 既存のページ内容を完全に削除中...
2025-10-24 16:24:52,519 - ERROR - ページブロック取得エラー: 401
2025-10-24 16:24:52,519 - INFO - 取得したブロック数: 0
2025-10-24 16:24:52,520 - INFO - 削除するブロックがありません
2025-10-24 16:24:59,976 - ERROR - バッチ 1 エラー: 401
2025-10-24 16:24:59,976 - ERROR - レスポンス: {"object":"error","status":401,"code":"unauthorized","message":"API token is invalid.","request_id":"83b63505-669b-4ee1-acb5-e0aa1b4d8aa3"}
2025-10-24 16:24:59,977 - ERROR - Notionページの更新に失敗しました
2025-10-24 16:25:16,577 - INFO - 診療カレンダー自動更新を開始します
2025-10-24 16:25:16,812 - INFO - カレンダー発見: 2025年10月　担当医表
2025-10-24 16:25:16,812 - INFO - カレンダー発見: 2025年11月　担当医表
2025-10-24 16:25:16,812 - INFO - 解析中: 2025年10月　担当医表
2025-10-24 16:25:16,813 - INFO - 解析中: 2025年11月　担当医表
2025-10-24 16:25:16,815 - INFO - Notionページを更新中...
2025-10-24 16:25:16,815 - INFO - 既存のページ内容を完全に削除中...
2025-10-24 16:25:21,928 - INFO - 取得したブロック数: 424
2025-10-24 16:25:21,929 - INFO - 削除対象ブロック数: 424
2025-10-24 16:25:21,929 - INFO - 削除試行 1/3
2025-10-24 16:25:27,164 - INFO - 取得したブロック数: 424
2025-10-24 16:25:27,166 - INFO - 残りブロック数: 424
2025-10-24 16:25:30,656 - INFO - バッチ削除完了: 14/424
2025-10-24 16:25:33,771 - INFO - バッチ削除完了: 28/424
2025-10-24 16:25:38,678 - INFO - バッチ削除完了: 45/424
2025-10-24 16:25:42,203 - INFO - バッチ削除完了: 62/424
2025-10-24 16:25:45,478 - INFO - バッチ削除完了: 79/424
2025-10-24 16:25:48,187 - INFO - バッチ削除完了: 95/424
2025-10-24 16:25:50,775 - INFO - バッチ削除完了: 111/424
2025-10-24 16:25:53,609 - INFO - バッチ削除完了: 130/424
2025-10-24 16:25:56,460 - INFO - バッチ削除完了: 144/424
2025-10-24 16:26:00,432 - INFO - バッチ削除完了: 158/424
2025-10-24 16:26:04,183 - INFO - バッチ削除完了: 175/424
2025-10-24 16:26:09,647 - INFO - バッチ削除完了: 189/424
2025-10-24 16:26:22,954 - INFO - バッチ削除完了: 205/424
2025-10-24 16:26:26,530 - INFO - バッチ削除完了: 220/424
2025-10-24 16:26:30,251 - INFO - バッチ削除完了: 233/424
2025-10-24 16:26:33,200 - INFO - バッチ削除完了: 251/424
2025-10-24 16:26:35,557 - INFO - バッチ削除完了: 268/424
2025-10-24 16:26:38,548 - INFO - バッチ削除完了: 284/424
2025-10-24 16:26:41,638 - INFO - バッチ削除完了: 302/424
2025-10-24 16:26:45,504 - INFO - バッチ削除完了: 316/424
2025-10-24 16:26:48,259 - INFO - バッチ削除完了: 330/424
2025-10-24 16:26:49,004 - INFO - バッチ削除完了: 333/424
2025-10-24 16:26:49,950 - INFO - 取得したブロック数: 91
2025-10-24 16:26:49,952 - INFO - 削除後残りブロック数: 91
2025-10-24 16:26:50,957 - INFO - 削除試行 2/3
2025-10-24 16:26:51,915 - INFO - 取得したブロック数: 91
2025-10-24 16:26:51,916 - INFO - 残りブロック数: 91
2025-10-24 16:26:56,059 - INFO - バッチ削除完了: 18/91
2025-10-24 16:27:00,473 - INFO - バッチ削除完了: 34/91
2025-10-24 16:27:03,414 - INFO - バッチ削除完了: 52/91
2025-10-24 16:27:08,799 - INFO - バッチ削除完了: 66/91
2025-10-24 16:27:11,318 - INFO - バッチ削除完了: 75/91
2025-10-24 16:27:12,122 - INFO - 取得したブロック数: 16
2025-10-24 16:27:12,123 - INFO - 削除後残りブロック数: 16
2025-10-24 16:27:13,128 - INFO - 削除試行 3/3
2025-10-24 16:27:13,561 - INFO - 取得したブロック数: 16
2025-10-24 16:27:13,563 - INFO - 残りブロック数: 16
2025-10-24 16:27:17,168 - INFO - バッチ削除完了: 14/16
2025-10-24 16:27:17,816 - INFO - 取得したブロック数: 2
2025-10-24 16:27:17,818 - INFO - 削除後残りブロック数: 2
2025-10-24 16:27:18,860 - INFO - 取得したブロック数: 2
2025-10-24 16:27:18,861 - WARNING - 削除できなかったブロック数: 2
2025-10-24 16:27:19,419 - INFO - 個別削除成功: 2966ac0a-6dd9-81b8-8182-e59d50d67792
2025-10-24 16:27:19,854 - INFO - 個別削除成功: 2966ac0a-6dd9-815a-9c56-eea9b52fd689
2025-10-24 16:27:23,352 - INFO - バッチ 1: 95ブロックを追加しました
2025-10-24 16:27:25,438 - INFO - バッチ 2: 95ブロックを追加しました
2025-10-24 16:27:26,338 - INFO - バッチ 3: 59ブロックを追加しました
2025-10-24 16:27:26,338 - INFO - 合計 249 ブロックを正常に追加しました
2025-10-24 16:27:26,339 - INFO - 診療カレンダーの自動更新が完了しました
2025-10-24 16:37:13,274 - INFO - 診療カレンダー自動更新を開始します
2025-10-24 16:37:13,494 - INFO - カレンダー発見: 2025年10月　担当医表
2025-10-24 16:37:13,494 - INFO - カレンダー発見: 2025年11月　担当医表
2025-10-24 16:37:13,494 - INFO - 解析中: 2025年10月　担当医表
2025-10-24 16:37:13,496 - INFO - 解析中: 2025年11月　担当医表
2025-10-24 16:37:13,498 - INFO - Notionページを更新中...
2025-10-24 16:37:13,498 - INFO - 既存のページ内容を完全に削除中...
2025-10-24 16:37:21,198 - ERROR - ページブロック取得エラー: 401
2025-10-24 16:37:21,198 - INFO - 取得したブロック数: 0
2025-10-24 16:37:21,199 - INFO - 削除するブロックがありません
2025-10-24 16:37:28,688 - ERROR - バッチ 1 エラー: 401
2025-10-24 16:37:28,688 - ERROR - レスポンス: {"object":"error","status":401,"code":"unauthorized","message":"API token is invalid.","request_id":"bedc6da5-a694-4a6e-80a6-56beba48682c"}
2025-10-24 16:37:28,689 - ERROR - Notionページの更新に失敗しました
2025-10-24 16:38:53,734 - INFO - 診療カレンダー自動更新を開始します
2025-10-24 16:38:53,944 - INFO - カレンダー発見: 2025年10月　担当医表
2025-10-24 16:38:53,944 - INFO - カレンダー発見: 2025年11月　担当医表
2025-10-24 16:38:53,944 - INFO - 解析中: 2025年10月　担当医表
2025-10-24 16:38:53,946 - INFO - 解析中: 2025年11月　担当医表
2025-10-24 16:38:53,948 - INFO - Notionページを更新中...
2025-10-24 16:38:53,948 - INFO - 既存のページ内容を完全に削除中...
2025-10-24 16:38:56,488 - INFO - 取得したブロック数: 249
2025-10-24 16:38:56,489 - INFO - 削除対象ブロック数: 249
2025-10-24 16:38:56,489 - INFO - 削除試行 1/3
2025-10-24 16:38:58,817 - INFO - 取得したブロック数: 249
2025-10-24 16:38:58,817 - INFO - 残りブロック数: 249
2025-10-24 16:39:03,367 - INFO - バッチ削除完了: 16/249
2025-10-24 16:39:08,834 - INFO - バッチ削除完了: 35/249
2025-10-24 16:39:12,932 - INFO - バッチ削除完了: 51/249
2025-10-24 16:39:17,307 - INFO - バッチ削除完了: 67/249
2025-10-24 16:39:21,026 - INFO - バッチ削除完了: 84/249
2025-10-24 16:39:24,216 - INFO - バッチ削除完了: 100/249
2025-10-24 16:39:27,373 - INFO - バッチ削除完了: 117/249
2025-10-24 16:39:31,887 - INFO - バッチ削除完了: 132/249
2025-10-24 16:39:35,628 - INFO - バッチ削除完了: 147/249
2025-10-24 16:39:39,171 - INFO - バッチ削除完了: 163/249
2025-10-24 16:39:42,238 - INFO - バッチ削除完了: 179/249
2025-10-24 16:39:44,327 - INFO - バッチ削除完了: 194/249
2025-10-24 16:39:45,732 - INFO - バッチ削除完了: 201/249
2025-10-24 16:39:46,493 - INFO - 取得したブロック数: 48
2025-10-24 16:39:46,494 - INFO - 削除後残りブロック数: 48
2025-10-24 16:39:47,499 - INFO - 削除試行 2/3
2025-10-24 16:39:47,873 - INFO - 取得したブロック数: 48
2025-10-24 16:39:47,874 - INFO - 残りブロック数: 48
2025-10-24 16:39:50,944 - INFO - バッチ削除完了: 17/48
2025-10-24 16:39:56,256 - INFO - バッチ削除完了: 30/48
2025-10-24 16:39:58,272 - INFO - バッチ削除完了: 37/48
2025-10-24 16:39:58,866 - INFO - 取得したブロック数: 11
2025-10-24 16:39:58,867 - INFO - 削除後残りブロック数: 11
2025-10-24 16:39:59,872 - INFO - 削除試行 3/3
2025-10-24 16:40:00,249 - INFO - 取得したブロック数: 11
2025-10-24 16:40:00,250 - INFO - 残りブロック数: 11
2025-10-24 16:40:02,426 - INFO - バッチ削除完了: 8/11
2025-10-24 16:40:03,032 - INFO - 取得したブロック数: 3
2025-10-24 16:40:03,033 - INFO - 削除後残りブロック数: 3
2025-10-24 16:40:03,782 - INFO - 取得したブロック数: 3
2025-10-24 16:40:03,783 - WARNING - 削除できなかったブロック数: 3
2025-10-24 16:40:04,394 - INFO - 個別削除成功: 2966ac0a-6dd9-815f-af78-f4b74f5e6a95
2025-10-24 16:40:04,805 - INFO - 個別削除成功: 2966ac0a-6dd9-8199-977e-e1406d65810b
2025-10-24 16:40:05,516 - INFO - 個別削除成功: 2966ac0a-6dd9-8142-9f19-ea339812fbfb
2025-10-24 16:40:11,712 - INFO - バッチ 1: 95ブロックを追加しました
2025-10-24 16:40:12,931 - INFO - バッチ 2: 95ブロックを追加しました
2025-10-24 16:40:14,215 - INFO - バッチ 3: 59ブロックを追加しました
2025-10-24 16:40:14,215 - INFO - 合計 249 ブロックを正常に追加しました
2025-10-24 16:40:14,216 - INFO - 診療カレンダーの自動更新が完了しました
